Determining if the pthread_create exist failed with the following output:
Change Dir: /home/hkuit104/Desktop/C++/libtorch-yolov3/build/CMakeFiles/CMakeTmp

Run Build Command:"/usr/bin/make" "cmTC_23877/fast"
/usr/bin/make -f CMakeFiles/cmTC_23877.dir/build.make CMakeFiles/cmTC_23877.dir/build
make[1]: Entering directory '/home/hkuit104/Desktop/C++/libtorch-yolov3/build/CMakeFiles/CMakeTmp'
Building C object CMakeFiles/cmTC_23877.dir/CheckSymbolExists.c.o
/usr/bin/cc     -o CMakeFiles/cmTC_23877.dir/CheckSymbolExists.c.o   -c /home/hkuit104/Desktop/C++/libtorch-yolov3/build/CMakeFiles/CMakeTmp/CheckSymbolExists.c
Linking C executable cmTC_23877
/usr/bin/cmake -E cmake_link_script CMakeFiles/cmTC_23877.dir/link.txt --verbose=1
/usr/bin/cc       CMakeFiles/cmTC_23877.dir/CheckSymbolExists.c.o  -o cmTC_23877 -rdynamic 
CMakeFiles/cmTC_23877.dir/CheckSymbolExists.c.o: In function `main':
CheckSymbolExists.c:(.text+0x16): undefined reference to `pthread_create'
collect2: error: ld returned 1 exit status
CMakeFiles/cmTC_23877.dir/build.make:97: recipe for target 'cmTC_23877' failed
make[1]: *** [cmTC_23877] Error 1
make[1]: Leaving directory '/home/hkuit104/Desktop/C++/libtorch-yolov3/build/CMakeFiles/CMakeTmp'
Makefile:126: recipe for target 'cmTC_23877/fast' failed
make: *** [cmTC_23877/fast] Error 2

File /home/hkuit104/Desktop/C++/libtorch-yolov3/build/CMakeFiles/CMakeTmp/CheckSymbolExists.c:
/* */
#include <pthread.h>

int main(int argc, char** argv)
{
  (void)argv;
#ifndef pthread_create
  return ((int*)(&pthread_create))[argc];
#else
  (void)argc;
  return 0;
#endif
}

Determining if the function pthread_create exists in the pthreads failed with the following output:
Change Dir: /home/hkuit104/Desktop/C++/libtorch-yolov3/build/CMakeFiles/CMakeTmp

Run Build Command:"/usr/bin/make" "cmTC_d7bad/fast"
/usr/bin/make -f CMakeFiles/cmTC_d7bad.dir/build.make CMakeFiles/cmTC_d7bad.dir/build
make[1]: Entering directory '/home/hkuit104/Desktop/C++/libtorch-yolov3/build/CMakeFiles/CMakeTmp'
Building C object CMakeFiles/cmTC_d7bad.dir/CheckFunctionExists.c.o
/usr/bin/cc    -DCHECK_FUNCTION_EXISTS=pthread_create   -o CMakeFiles/cmTC_d7bad.dir/CheckFunctionExists.c.o   -c /usr/share/cmake-3.5/Modules/CheckFunctionExists.c
Linking C executable cmTC_d7bad
/usr/bin/cmake -E cmake_link_script CMakeFiles/cmTC_d7bad.dir/link.txt --verbose=1
/usr/bin/cc   -DCHECK_FUNCTION_EXISTS=pthread_create    CMakeFiles/cmTC_d7bad.dir/CheckFunctionExists.c.o  -o cmTC_d7bad -rdynamic -lpthreads 
/usr/bin/ld: cannot find -lpthreads
collect2: error: ld returned 1 exit status
CMakeFiles/cmTC_d7bad.dir/build.make:97: recipe for target 'cmTC_d7bad' failed
make[1]: *** [cmTC_d7bad] Error 1
make[1]: Leaving directory '/home/hkuit104/Desktop/C++/libtorch-yolov3/build/CMakeFiles/CMakeTmp'
Makefile:126: recipe for target 'cmTC_d7bad/fast' failed
make: *** [cmTC_d7bad/fast] Error 2


